<?xml version="1.0" encoding="UTF-8"?>
<!-- Generated by org.testng.reporters.JUnitReportReporter -->
<testsuite skipped="0" hostname="LAPTOP-K1RA3SRG" name="test.EditEmployee" tests="1" failures="0" timestamp="2024-04-21T17:13:41 IST" time="39.580" errors="0">
  <testcase name="editEmployeeData" time="39.580" classname="test.EditEmployee"/>
  <system-out/>
</testsuite> <!-- test.EditEmployee -->
