<?xml version="1.0" encoding="UTF-8"?>
<!-- Generated by org.testng.reporters.JUnitReportReporter -->
<testsuite skipped="0" hostname="LAPTOP-K1RA3SRG" name="test.UploadEmployeeAttachmentTest" tests="1" failures="0" timestamp="2025-02-03T23:04:35 IST" time="46.006" errors="0">
  <testcase name="uploadEmployeeAttachmentTestMethod" time="46.006" classname="test.UploadEmployeeAttachmentTest"/>
  <system-out/>
</testsuite> <!-- test.UploadEmployeeAttachmentTest -->
