<?xml version="1.0" encoding="UTF-8"?>
<!-- Generated by org.testng.reporters.JUnitReportReporter -->
<testsuite skipped="0" hostname="LAPTOP-K1RA3SRG" name="test.EditEmployee" tests="1" failures="0" timestamp="2025-01-17T20:19:05 IST" time="31.393" errors="0">
  <testcase name="editEmployeeData" time="31.393" classname="test.EditEmployee"/>
  <system-out/>
</testsuite> <!-- test.EditEmployee -->
