<?xml version="1.0" encoding="UTF-8"?>
<!-- Generated by org.testng.reporters.JUnitReportReporter -->
<testsuite skipped="0" hostname="LAPTOP-K1RA3SRG" name="test.SearchEmployeeTest" tests="1" failures="0" timestamp="2025-02-03T23:04:35 IST" time="42.601" errors="0">
  <testcase name="searchEmplyeeData" time="42.601" classname="test.SearchEmployeeTest"/>
  <system-out/>
</testsuite> <!-- test.SearchEmployeeTest -->
