<?xml version="1.0" encoding="UTF-8"?>
<!-- Generated by org.testng.reporters.JUnitReportReporter -->
<testsuite skipped="0" hostname="LAPTOP-K1RA3SRG" name="test.LoginTest" tests="1" failures="0" timestamp="2025-02-03T23:04:35 IST" time="23.064" errors="0">
  <testcase name="Login" time="23.064" classname="test.LoginTest"/>
  <system-out/>
</testsuite> <!-- test.LoginTest -->
