<?xml version="1.0" encoding="UTF-8"?>
<!-- Generated by org.testng.reporters.JUnitReportReporter -->
<testsuite skipped="0" hostname="LAPTOP-K1RA3SRG" name="test.AddAdminUser" tests="1" failures="0" timestamp="2025-01-17T21:34:49 IST" time="21.150" errors="0">
  <testcase name="addAdminUser" time="21.150" classname="test.AddAdminUser"/>
  <system-out/>
</testsuite> <!-- test.AddAdminUser -->
