<?xml version="1.0" encoding="UTF-8"?>
<!-- Generated by org.testng.reporters.JUnitReportReporter -->
<testsuite skipped="0" hostname="LAPTOP-K1RA3SRG" name="test.DownloadEmployeeAttachmentTest" tests="1" failures="0" timestamp="2025-02-03T23:04:35 IST" time="53.728" errors="0">
  <testcase name="downloadEmployeeAttachmentMethod" time="53.728" classname="test.DownloadEmployeeAttachmentTest"/>
  <system-out/>
</testsuite> <!-- test.DownloadEmployeeAttachmentTest -->
