<?xml version="1.0" encoding="UTF-8"?>
<!-- Generated by org.testng.reporters.JUnitReportReporter -->
<testsuite skipped="0" hostname="LAPTOP-K1RA3SRG" name="test.UpdateEmployeePersonalDetailsTest" tests="1" failures="0" timestamp="2025-02-03T23:04:35 IST" time="75.803" errors="0">
  <testcase name="updateEmployeePersonalDetailsMethod" time="75.803" classname="test.UpdateEmployeePersonalDetailsTest"/>
  <system-out/>
</testsuite> <!-- test.UpdateEmployeePersonalDetailsTest -->
