<?xml version="1.0" encoding="UTF-8"?>
<!-- Generated by org.testng.reporters.JUnitReportReporter -->
<testsuite skipped="0" hostname="LAPTOP-K1RA3SRG" name="test.SearchEmployee" tests="1" failures="0" timestamp="2025-01-17T21:34:49 IST" time="35.468" errors="0">
  <testcase name="searchEmplyeeData" time="35.468" classname="test.SearchEmployee"/>
  <system-out/>
</testsuite> <!-- test.SearchEmployee -->
